Using pre-set license
Built from '2020.3/staging' branch; Version is '2020.3.14f1 (d0d1bb862f9d) revision 13685179'; Using compiler version '192528614'; Build Type 'Release'
OS: 'Windows 10 Pro; OS build 19043.1110; Version 2009; 64bit' Language: 'ru' Physical Memory: 8029 MB
BatchMode: 1, IsHumanControllingUs: 0, StartBugReporterOnCrash: 0, Is64bit: 1, IsPro: 0

 COMMAND LINE ARGUMENTS:
C:\Program Files\Unity\Hub\Editor\2020.3.14f1\Editor\Unity.exe
-adb2
-batchMode
-noUpm
-name
AssetImportWorker0
-projectPath
C:/Unity/Strategy
-logFile
Logs/AssetImportWorker0.log
-srvPort
49685
Successfully changed project path to: C:/Unity/Strategy
C:/Unity/Strategy
Using Asset Import Pipeline V2.
Refreshing native plugins compatible for Editor in 29.13 ms, found 2 plugins.
Preloading 0 native plugins for Editor in 0.00 ms.
Initialize engine version: 2020.3.14f1 (d0d1bb862f9d)
[Subsystems] Discovering subsystems at path C:/Program Files/Unity/Hub/Editor/2020.3.14f1/Editor/Data/Resources/UnitySubsystems
[Subsystems] Discovering subsystems at path C:/Unity/Strategy/Assets
GfxDevice: creating device client; threaded=0
Direct3D:
    Version:  Direct3D 11.0 [level 11.1]
    Renderer: NVIDIA GeForce GTX 1650 Ti (ID=0x1f95)
    Vendor:   
    VRAM:     3962 MB
    Driver:   27.21.14.5167
Initialize mono
Mono path[0] = 'C:/Program Files/Unity/Hub/Editor/2020.3.14f1/Editor/Data/Managed'
Mono path[1] = 'C:/Program Files/Unity/Hub/Editor/2020.3.14f1/Editor/Data/MonoBleedingEdge/lib/mono/unityjit'
Mono config path = 'C:/Program Files/Unity/Hub/Editor/2020.3.14f1/Editor/Data/MonoBleedingEdge/etc'
Using monoOptions --debugger-agent=transport=dt_socket,embedding=1,server=y,suspend=n,address=127.0.0.1:56076
Begin MonoManager ReloadAssembly
Registering precompiled unity dll's ...
Register platform support module: C:/Program Files/Unity/Hub/Editor/2020.3.14f1/Editor/Data/PlaybackEngines/WebGLSupport/UnityEditor.WebGL.Extensions.dll
Register platform support module: C:/Program Files/Unity/Hub/Editor/2020.3.14f1/Editor/Data/PlaybackEngines/WindowsStandaloneSupport/UnityEditor.WindowsStandalone.Extensions.dll
Registered in 0.001713 seconds.
Native extension for WindowsStandalone target not found
Native extension for WebGL target not found
Refreshing native plugins compatible for Editor in 26.25 ms, found 2 plugins.
Preloading 0 native plugins for Editor in 0.00 ms.
Mono: successfully reloaded assembly
- Completed reload, in  1.511 seconds
Domain Reload Profiling:
	ReloadAssembly (1512ms)
		BeginReloadAssembly (43ms)
			ExecutionOrderSort (0ms)
			DisableScriptedObjects (0ms)
			BackupInstance (0ms)
			ReleaseScriptingObjects (0ms)
			CreateAndSetChildDomain (1ms)
		EndReloadAssembly (340ms)
			LoadAssemblies (41ms)
			RebuildTransferFunctionScriptingTraits (0ms)
			SetupTypeCache (129ms)
			ReleaseScriptCaches (0ms)
			RebuildScriptCaches (25ms)
			SetupLoadedEditorAssemblies (129ms)
				LogAssemblyErrors (0ms)
				InitializePlatformSupportModulesInManaged (4ms)
				SetLoadedEditorAssemblies (0ms)
				RefreshPlugins (26ms)
				BeforeProcessingInitializeOnLoad (12ms)
				ProcessInitializeOnLoadAttributes (65ms)
				ProcessInitializeOnLoadMethodAttributes (23ms)
				AfterProcessingInitializeOnLoad (0ms)
				EditorAssembliesLoaded (0ms)
			ExecutionOrderSort2 (0ms)
			AwakeInstancesAfterBackupRestoration (0ms)
Platform modules already initialized, skipping
Registering precompiled user dll's ...
Registered in 0.002848 seconds.
Begin MonoManager ReloadAssembly
Native extension for WindowsStandalone target not found
Native extension for WebGL target not found
Refreshing native plugins compatible for Editor in 0.36 ms, found 2 plugins.
Preloading 0 native plugins for Editor in 0.00 ms.
Mono: successfully reloaded assembly
- Completed reload, in  0.883 seconds
Domain Reload Profiling:
	ReloadAssembly (884ms)
		BeginReloadAssembly (128ms)
			ExecutionOrderSort (0ms)
			DisableScriptedObjects (4ms)
			BackupInstance (0ms)
			ReleaseScriptingObjects (0ms)
			CreateAndSetChildDomain (15ms)
		EndReloadAssembly (703ms)
			LoadAssemblies (71ms)
			RebuildTransferFunctionScriptingTraits (0ms)
			SetupTypeCache (237ms)
			ReleaseScriptCaches (0ms)
			RebuildScriptCaches (42ms)
			SetupLoadedEditorAssemblies (268ms)
				LogAssemblyErrors (0ms)
				InitializePlatformSupportModulesInManaged (5ms)
				SetLoadedEditorAssemblies (0ms)
				RefreshPlugins (0ms)
				BeforeProcessingInitializeOnLoad (75ms)
				ProcessInitializeOnLoadAttributes (179ms)
				ProcessInitializeOnLoadMethodAttributes (3ms)
				AfterProcessingInitializeOnLoad (5ms)
				EditorAssembliesLoaded (0ms)
			ExecutionOrderSort2 (0ms)
			AwakeInstancesAfterBackupRestoration (5ms)
Platform modules already initialized, skipping
========================================================================
Worker process is ready to serve import requests
Launched and connected shader compiler UnityShaderCompiler.exe after 0.04 seconds
Refreshing native plugins compatible for Editor in 0.32 ms, found 2 plugins.
Preloading 0 native plugins for Editor in 0.00 ms.
Unloading 1427 Unused Serialized files (Serialized files now loaded: 0)
System memory in use before: 77.7 MB.
System memory in use after: 77.7 MB.

Unloading 19 unused Assets to reduce memory usage. Loaded Objects now: 1862.
Total: 1.617300 ms (FindLiveObjects: 0.139900 ms CreateObjectMapping: 0.046500 ms MarkObjects: 1.346100 ms  DeleteObjects: 0.083800 ms)

AssetImportParameters requested are different than current active one (requested -> active):
  custom:framework-win-MediaFoundation: 216162199b28c13a410421893ffa2e32 -> 
  custom:video-decoder-ogg-theora: a1e56fd34408186e4bbccfd4996cb3dc -> 
  custom:container-muxer-webm: aa71ff27fc2769a1b78a27578f13a17b -> 
  custom:container-demuxer-webm: 4f35f7cbe854078d1ac9338744f61a02 -> 
  custom:container-demuxer-ogg: 62fdf1f143b41e24485cea50d1cbac27 -> 
  custom:video-encoder-webm-vp8: eb34c28f22e8b96e1ab97ce403110664 -> 
  custom:video-decoder-webm-vp8: 9c59270c3fd7afecdb556c50c9e8de78 -> 
  custom:audio-decoder-ogg-vorbis: bf7c407c2cedff20999df2af8eb42d56 -> 
  custom:audio-encoder-webm-vorbis: bf7c407c2cedff20999df2af8eb42d56 -> 
========================================================================
Received Import Request.
  path: Assets/Shaders/Outline.shader
  artifactKey: Guid(41c9acbf41c8245498ac9beab378de12) Importer(815301076,1909f56bfc062723c751e8b465ee728b)
Start importing Assets/Shaders/Outline.shader using Guid(41c9acbf41c8245498ac9beab378de12) Importer(815301076,1909f56bfc062723c751e8b465ee728b)  -> (artifact id: 'e49091499f36ec211cd380f5d2e76530') in 0.019444 seconds 
  Import took 0.021897 seconds .

========================================================================
Received Import Request.
  Time since last request: 0.350671 seconds.
  path: Assets/Shaders/Outline.shader
  artifactKey: Guid(41c9acbf41c8245498ac9beab378de12) Importer(815301076,1909f56bfc062723c751e8b465ee728b)
Start importing Assets/Shaders/Outline.shader using Guid(41c9acbf41c8245498ac9beab378de12) Importer(815301076,1909f56bfc062723c751e8b465ee728b)  -> (artifact id: 'e49091499f36ec211cd380f5d2e76530') in 0.002025 seconds 
  Import took 0.004430 seconds .

========================================================================
Received Import Request.
  Time since last request: 21.149303 seconds.
  path: Assets/Shaders/OutlineColor.shader
  artifactKey: Guid(ac20fbf75bafe454aba5ef3c098349df) Importer(815301076,1909f56bfc062723c751e8b465ee728b)
Start importing Assets/Shaders/OutlineColor.shader using Guid(ac20fbf75bafe454aba5ef3c098349df) Importer(815301076,1909f56bfc062723c751e8b465ee728b)  -> (artifact id: 'f24f5c556f3f12bdf116f4d10fdada92') in 0.002421 seconds 
  Import took 0.005176 seconds .

========================================================================
Received Import Request.
  Time since last request: 1.011577 seconds.
  path: Assets/Shaders/OutlinedDiffuse.shader
  artifactKey: Guid(b5984c2a38860b446b0e7c6f69b67c15) Importer(815301076,1909f56bfc062723c751e8b465ee728b)
Start importing Assets/Shaders/OutlinedDiffuse.shader using Guid(b5984c2a38860b446b0e7c6f69b67c15) Importer(815301076,1909f56bfc062723c751e8b465ee728b)  -> (artifact id: '324dca0f9b833550cc7954e6d21c2307') in 0.006089 seconds 
  Import took 0.008457 seconds .

========================================================================
Received Import Request.
  Time since last request: 0.003599 seconds.
  path: Assets/Shaders/OutlinedDiffuse.shader
  artifactKey: Guid(b5984c2a38860b446b0e7c6f69b67c15) Importer(815301076,1909f56bfc062723c751e8b465ee728b)
Start importing Assets/Shaders/OutlinedDiffuse.shader using Guid(b5984c2a38860b446b0e7c6f69b67c15) Importer(815301076,1909f56bfc062723c751e8b465ee728b)  -> (artifact id: '324dca0f9b833550cc7954e6d21c2307') in 0.002591 seconds 
  Import took 0.005856 seconds .

========================================================================
Received Prepare
Registering precompiled user dll's ...
Registered in 0.005982 seconds.
Begin MonoManager ReloadAssembly
Native extension for WindowsStandalone target not found
Native extension for WebGL target not found
Refreshing native plugins compatible for Editor in 0.34 ms, found 2 plugins.
Preloading 0 native plugins for Editor in 0.00 ms.
Mono: successfully reloaded assembly
- Completed reload, in  0.836 seconds
Domain Reload Profiling:
	ReloadAssembly (836ms)
		BeginReloadAssembly (102ms)
			ExecutionOrderSort (0ms)
			DisableScriptedObjects (4ms)
			BackupInstance (0ms)
			ReleaseScriptingObjects (0ms)
			CreateAndSetChildDomain (26ms)
		EndReloadAssembly (680ms)
			LoadAssemblies (86ms)
			RebuildTransferFunctionScriptingTraits (0ms)
			SetupTypeCache (231ms)
			ReleaseScriptCaches (1ms)
			RebuildScriptCaches (32ms)
			SetupLoadedEditorAssemblies (247ms)
				LogAssemblyErrors (0ms)
				InitializePlatformSupportModulesInManaged (5ms)
				SetLoadedEditorAssemblies (0ms)
				RefreshPlugins (0ms)
				BeforeProcessingInitializeOnLoad (71ms)
				ProcessInitializeOnLoadAttributes (163ms)
				ProcessInitializeOnLoadMethodAttributes (3ms)
				AfterProcessingInitializeOnLoad (5ms)
				EditorAssembliesLoaded (0ms)
			ExecutionOrderSort2 (0ms)
			AwakeInstancesAfterBackupRestoration (5ms)
Platform modules already initialized, skipping
Refreshing native plugins compatible for Editor in 0.45 ms, found 2 plugins.
Preloading 0 native plugins for Editor in 0.00 ms.
Unloading 1394 Unused Serialized files (Serialized files now loaded: 0)
System memory in use before: 74.8 MB.
System memory in use after: 74.9 MB.

Unloading 14 unused Assets to reduce memory usage. Loaded Objects now: 1865.
Total: 1.743900 ms (FindLiveObjects: 0.145500 ms CreateObjectMapping: 0.043600 ms MarkObjects: 1.482700 ms  DeleteObjects: 0.071100 ms)

AssetImportParameters requested are different than current active one (requested -> active):
  custom:framework-win-MediaFoundation: 216162199b28c13a410421893ffa2e32 -> 
  custom:video-decoder-ogg-theora: a1e56fd34408186e4bbccfd4996cb3dc -> 
  custom:container-muxer-webm: aa71ff27fc2769a1b78a27578f13a17b -> 
  custom:container-demuxer-webm: 4f35f7cbe854078d1ac9338744f61a02 -> 
  custom:container-demuxer-ogg: 62fdf1f143b41e24485cea50d1cbac27 -> 
  custom:video-encoder-webm-vp8: eb34c28f22e8b96e1ab97ce403110664 -> 
  custom:video-decoder-webm-vp8: 9c59270c3fd7afecdb556c50c9e8de78 -> 
  custom:audio-decoder-ogg-vorbis: bf7c407c2cedff20999df2af8eb42d56 -> 
  custom:audio-encoder-webm-vorbis: bf7c407c2cedff20999df2af8eb42d56 -> 
========================================================================
Received Import Request.
  Time since last request: 43.258241 seconds.
  path: Assets/Shaders/OutlinedDiffuse.shader
  artifactKey: Guid(b5984c2a38860b446b0e7c6f69b67c15) Importer(815301076,1909f56bfc062723c751e8b465ee728b)
Start importing Assets/Shaders/OutlinedDiffuse.shader using Guid(b5984c2a38860b446b0e7c6f69b67c15) Importer(815301076,1909f56bfc062723c751e8b465ee728b)  -> (artifact id: 'ca073150615b88632c636b44075a2499') in 0.011353 seconds 
  Import took 0.013628 seconds .

========================================================================
Received Import Request.
  Time since last request: 276.569948 seconds.
  path: Assets/Shaders/OutlinedDiffuse.shader
  artifactKey: Guid(b5984c2a38860b446b0e7c6f69b67c15) Importer(815301076,1909f56bfc062723c751e8b465ee728b)
Start importing Assets/Shaders/OutlinedDiffuse.shader using Guid(b5984c2a38860b446b0e7c6f69b67c15) Importer(815301076,1909f56bfc062723c751e8b465ee728b)  -> (artifact id: 'eda5a8ae2e0f230e278410feff60c238') in 0.002440 seconds 
  Import took 0.004755 seconds .

========================================================================
Received Import Request.
  Time since last request: 0.001379 seconds.
  path: Assets/Shaders/OutlinedDiffuse.shader
  artifactKey: Guid(b5984c2a38860b446b0e7c6f69b67c15) Importer(815301076,1909f56bfc062723c751e8b465ee728b)
Start importing Assets/Shaders/OutlinedDiffuse.shader using Guid(b5984c2a38860b446b0e7c6f69b67c15) Importer(815301076,1909f56bfc062723c751e8b465ee728b)  -> (artifact id: 'eda5a8ae2e0f230e278410feff60c238') in 0.002778 seconds 
  Import took 0.006925 seconds .

========================================================================
Received Import Request.
  Time since last request: 13.255255 seconds.
  path: Assets/Shaders/OutlinedDiffuse.shader
  artifactKey: Guid(b5984c2a38860b446b0e7c6f69b67c15) Importer(815301076,1909f56bfc062723c751e8b465ee728b)
Start importing Assets/Shaders/OutlinedDiffuse.shader using Guid(b5984c2a38860b446b0e7c6f69b67c15) Importer(815301076,1909f56bfc062723c751e8b465ee728b)  -> (artifact id: '55ac50b55fa5c8b5fb7fbc4bdd80dda9') in 0.003074 seconds 
  Import took 0.006876 seconds .

========================================================================
Received Import Request.
  Time since last request: 128.643103 seconds.
  path: Assets/Shaders/OutlinedDiffuse.shader
  artifactKey: Guid(b5984c2a38860b446b0e7c6f69b67c15) Importer(815301076,1909f56bfc062723c751e8b465ee728b)
Start importing Assets/Shaders/OutlinedDiffuse.shader using Guid(b5984c2a38860b446b0e7c6f69b67c15) Importer(815301076,1909f56bfc062723c751e8b465ee728b)  -> (artifact id: '1e69508917f2f672c5a0cc0124508190') in 0.002740 seconds 
  Import took 0.005887 seconds .

========================================================================
Received Import Request.
  Time since last request: 0.000613 seconds.
  path: Assets/Shaders/OutlinedDiffuse.shader
  artifactKey: Guid(b5984c2a38860b446b0e7c6f69b67c15) Importer(815301076,1909f56bfc062723c751e8b465ee728b)
Start importing Assets/Shaders/OutlinedDiffuse.shader using Guid(b5984c2a38860b446b0e7c6f69b67c15) Importer(815301076,1909f56bfc062723c751e8b465ee728b)  -> (artifact id: '1e69508917f2f672c5a0cc0124508190') in 0.002185 seconds 
  Import took 0.005564 seconds .

AssetImportWorkerClient::OnTransportError - code=2 error=End of file
